#
# There is insufficient memory for the Java Runtime Environment to continue.
# Native memory allocation (mmap) failed to map 400556032 bytes for Failed to commit area from 0x0000000682e00000 to 0x000000069ac00000 of length 400556032.
# Possible reasons:
#   The system is out of physical RAM or swap space
#   The process is running with CompressedOops enabled, and the Java Heap may be blocking the growth of the native heap
# Possible solutions:
#   Reduce memory load on the system
#   Increase physical memory or swap space
#   Check if swap backing store is full
#   Decrease Java heap size (-Xmx/-Xms)
#   Decrease number of Java threads
#   Decrease Java thread stack sizes (-Xss)
#   Set larger code cache with -XX:ReservedCodeCacheSize=
# This output file may be truncated or incomplete.
#
#  Out of Memory Error (src/hotspot/os/windows/os_windows.cpp:3627), pid=12232, tid=4208
#
# JRE version:  (11.0.15+10) (build )
# Java VM: OpenJDK 64-Bit Server VM (11.0.15+10-b2043.56, mixed mode, sharing, tiered, compressed oops, g1 gc, windows-amd64)
# No core dump will be written. Minidumps are not enabled by default on client versions of Windows
#

---------------  S U M M A R Y ------------

Command Line: git4idea.http.GitAskPassApp Username for 'https://github.com': 

Host: Intel(R) Core(TM) i5-8300H CPU @ 2.30GHz, 8 cores, 23G,  Windows 10 , 64 bit Build 19041 (10.0.19041.2364)
Time: Thu Feb 16 00:11:24 2023 Russia TZ 2 Standard Time elapsed time: 0.034655 seconds (0d 0h 0m 0s)

---------------  T H R E A D  ---------------

Current thread (0x00000250a226e800):  JavaThread "Unknown thread" [_thread_in_vm, id=4208, stack(0x000000ebc8600000,0x000000ebc8700000)]

Stack: [0x000000ebc8600000,0x000000ebc8700000]
Native frames: (J=compiled Java code, j=interpreted, Vv=VM code, C=native code)
V  [jvm.dll+0x61612a]
V  [jvm.dll+0x79c450]
V  [jvm.dll+0x79da6d]
V  [jvm.dll+0x79e143]
V  [jvm.dll+0x24cc18]
V  [jvm.dll+0x613174]
V  [jvm.dll+0x607e55]
V  [jvm.dll+0x30b1cb]
V  [jvm.dll+0x30b13a]
V  [jvm.dll+0x30b012]
V  [jvm.dll+0x30ff76]
V  [jvm.dll+0x35b4c3]
V  [jvm.dll+0x35bbc6]
V  [jvm.dll+0x35b5c3]
V  [jvm.dll+0x2e5918]
V  [jvm.dll+0x2e6ab7]
V  [jvm.dll+0x7794f7]
V  [jvm.dll+0x77acec]
V  [jvm.dll+0x368a59]
V  [jvm.dll+0x75ce8e]
V  [jvm.dll+0x3d6a33]
V  [jvm.dll+0x3d9001]
C  [jli.dll+0x536b]
C  [ucrtbase.dll+0x21bb2]
C  [KERNEL32.DLL+0x17614]
C  [ntdll.dll+0x526a1]


---------------  P R O C E S S  ---------------

Threads class SMR info:
_java_thread_list=0x00000250a01059d0, length=0, elements={
}

Java Threads: ( => current thread )

Other Threads:
  0x00000250a2286800 GCTaskThread "GC Thread#0" [stack: 0x000000ebc8700000,0x000000ebc8800000] [id=26780]
  0x00000250a2311000 ConcurrentGCThread "G1 Main Marker" [stack: 0x000000ebc8800000,0x000000ebc8900000] [id=22024]
  0x00000250a2313800 ConcurrentGCThread "G1 Conc#0" [stack: 0x000000ebc8900000,0x000000ebc8a00000] [id=16804]

[error occurred during error reporting (printing all threads), id 0xc0000005, EXCEPTION_ACCESS_VIOLATION (0xc0000005) at pc=0x00007ffd76646017]

VM state:not at safepoint (not fully initialized)

VM Mutex/Monitor currently owned by a thread:  ([mutex/lock_event])
[0x00000250a226bf60] Heap_lock - owner thread: 0x00000250a226e800

Heap address: 0x0000000682e00000, size: 6098 MB, Compressed Oops mode: Non-zero based: 0x0000000682e00000
Narrow klass base: 0x0000000000000000, Narrow klass shift: 0

GC Heap History (0 events):
No events

Deoptimization events (0 events):
No events

Classes redefined (0 events):
No events

Internal exceptions (0 events):
No events

Events (1 events):
Event: 0.006 Loaded shared library D:\Programs\JetBrains\IntelliJ IDEA 2022.1.2\jbr\bin\zip.dll


Dynamic libraries:
0x00007ff76df60000 - 0x00007ff76df6a000 	D:\Programs\JetBrains\IntelliJ IDEA 2022.1.2\jbr\bin\java.exe
0x00007ffdde390000 - 0x00007ffdde588000 	C:\Windows\SYSTEM32\ntdll.dll
0x00007ffdddd60000 - 0x00007ffddde1f000 	C:\Windows\System32\KERNEL32.DLL
0x00007ffddbbc0000 - 0x00007ffddbe92000 	C:\Windows\System32\KERNELBASE.dll
0x00007ffddc0a0000 - 0x00007ffddc1a0000 	C:\Windows\System32\ucrtbase.dll
0x00007ffdd5d50000 - 0x00007ffdd5d69000 	D:\Programs\JetBrains\IntelliJ IDEA 2022.1.2\jbr\bin\jli.dll
0x00007ffdc62e0000 - 0x00007ffdc62f6000 	D:\Programs\JetBrains\IntelliJ IDEA 2022.1.2\jbr\bin\VCRUNTIME140.dll
0x00007ffddda60000 - 0x00007ffdddc01000 	C:\Windows\System32\USER32.dll
0x00007ffddc330000 - 0x00007ffddc352000 	C:\Windows\System32\win32u.dll
0x00007ffddae10000 - 0x00007ffddb0aa000 	C:\Windows\WinSxS\amd64_microsoft.windows.common-controls_6595b64144ccf1df_6.0.19041.1110_none_60b5254171f9507e\COMCTL32.dll
0x00007ffdddc50000 - 0x00007ffdddc7b000 	C:\Windows\System32\GDI32.dll
0x00007ffddc8a0000 - 0x00007ffddc93e000 	C:\Windows\System32\msvcrt.dll
0x00007ffddbf90000 - 0x00007ffddc09f000 	C:\Windows\System32\gdi32full.dll
0x00007ffddbea0000 - 0x00007ffddbf3d000 	C:\Windows\System32\msvcp_win.dll
0x00007ffdddc10000 - 0x00007ffdddc42000 	C:\Windows\System32\IMM32.DLL
0x00007ffd987d0000 - 0x00007ffd9887a000 	D:\Programs\JetBrains\IntelliJ IDEA 2022.1.2\jbr\bin\msvcp140.dll
0x00007ffd76350000 - 0x00007ffd76ecb000 	D:\Programs\JetBrains\IntelliJ IDEA 2022.1.2\jbr\bin\server\jvm.dll
0x00007ffdde060000 - 0x00007ffdde10e000 	C:\Windows\System32\ADVAPI32.dll
0x00007ffddd620000 - 0x00007ffddd6bc000 	C:\Windows\System32\sechost.dll
0x00007ffddd6d0000 - 0x00007ffddd7f5000 	C:\Windows\System32\RPCRT4.dll
0x00007ffddd6c0000 - 0x00007ffddd6c8000 	C:\Windows\System32\PSAPI.DLL
0x00007ffdbb9c0000 - 0x00007ffdbb9c9000 	C:\Windows\SYSTEM32\WSOCK32.dll
0x00007ffdd3650000 - 0x00007ffdd365a000 	C:\Windows\SYSTEM32\VERSION.dll
0x00007ffdd0630000 - 0x00007ffdd0657000 	C:\Windows\SYSTEM32\WINMM.dll
0x00007ffdde110000 - 0x00007ffdde17b000 	C:\Windows\System32\WS2_32.dll
0x00007ffdd9470000 - 0x00007ffdd9482000 	C:\Windows\SYSTEM32\kernel.appcore.dll
0x00007ffdd6050000 - 0x00007ffdd6061000 	D:\Programs\JetBrains\IntelliJ IDEA 2022.1.2\jbr\bin\verify.dll
0x00007ffddb490000 - 0x00007ffddb674000 	C:\Windows\SYSTEM32\DBGHELP.DLL
0x00007ffddb3d0000 - 0x00007ffddb405000 	C:\Windows\SYSTEM32\dbgcore.DLL
0x00007ffddba80000 - 0x00007ffddbb02000 	C:\Windows\System32\bcryptPrimitives.dll
0x00007ffdd3a00000 - 0x00007ffdd3a29000 	D:\Programs\JetBrains\IntelliJ IDEA 2022.1.2\jbr\bin\java.dll
0x00007ffdd6b20000 - 0x00007ffdd6b2b000 	D:\Programs\JetBrains\IntelliJ IDEA 2022.1.2\jbr\bin\jimage.dll
0x00007ffdcf380000 - 0x00007ffdcf399000 	D:\Programs\JetBrains\IntelliJ IDEA 2022.1.2\jbr\bin\zip.dll

dbghelp: loaded successfully - version: 4.0.5 - missing functions: none
symbol engine: initialized successfully - sym options: 0x614 - pdb path: .;D:\Programs\JetBrains\IntelliJ IDEA 2022.1.2\jbr\bin;C:\Windows\SYSTEM32;C:\Windows\WinSxS\amd64_microsoft.windows.common-controls_6595b64144ccf1df_6.0.19041.1110_none_60b5254171f9507e;D:\Programs\JetBrains\IntelliJ IDEA 2022.1.2\jbr\bin\server

VM Arguments:
java_command: git4idea.http.GitAskPassApp Username for 'https://github.com': 
java_class_path (initial): D:/Programs/JetBrains/IntelliJ IDEA 2022.1.2/plugins/git4idea/lib/git4idea-rt.jar;D:/Programs/JetBrains/IntelliJ IDEA 2022.1.2/lib/externalProcess-rt.jar;D:/Programs/JetBrains/IntelliJ IDEA 2022.1.2/lib/app.jar;D:/Programs/JetBrains/IntelliJ IDEA 2022.1.2/lib/3rd-party-rt.jar
Launcher Type: SUN_STANDARD

[Global flags]
     intx CICompilerCount                          = 4                                         {product} {ergonomic}
     uint ConcGCThreads                            = 2                                         {product} {ergonomic}
     uint G1ConcRefinementThreads                  = 8                                         {product} {ergonomic}
   size_t G1HeapRegionSize                         = 1048576                                   {product} {ergonomic}
    uintx GCDrainStackTargetSize                   = 64                                        {product} {ergonomic}
   size_t InitialHeapSize                          = 400556032                                 {product} {ergonomic}
   size_t MarkStackSize                            = 4194304                                   {product} {ergonomic}
   size_t MaxHeapSize                              = 6394216448                                {product} {ergonomic}
   size_t MinHeapDeltaBytes                        = 1048576                                   {product} {ergonomic}
    uintx NonNMethodCodeHeapSize                   = 5836300                                {pd product} {ergonomic}
    uintx NonProfiledCodeHeapSize                  = 122910970                              {pd product} {ergonomic}
    uintx ProfiledCodeHeapSize                     = 122910970                              {pd product} {ergonomic}
    uintx ReservedCodeCacheSize                    = 251658240                              {pd product} {ergonomic}
     bool SegmentedCodeCache                       = true                                      {product} {ergonomic}
     bool UseCompressedClassPointers               = true                                 {lp64_product} {ergonomic}
     bool UseCompressedOops                        = true                                 {lp64_product} {ergonomic}
     bool UseG1GC                                  = true                                      {product} {ergonomic}
     bool UseLargePagesIndividualAllocation        = false                                  {pd product} {ergonomic}

Logging:
Log output configuration:
 #0: stdout all=warning uptime,level,tags
 #1: stderr all=off uptime,level,tags

Environment Variables:
PATH=C:/Program Files/Git/mingw64/libexec/git-core;C:/Program Files/Git/mingw64/libexec/git-core;C:\Program Files\Git\mingw64\bin;C:\Program Files\Git\usr\bin;C:\Users\SuperUser\bin;C:\Program Files\Common Files\Oracle\Java\javapath;C:\Program Files (x86)\Common Files\Oracle\Java\javapath;C:\Windows\system32;C:\Windows;C:\Windows\System32\Wbem;C:\Windows\System32\WindowsPowerShell\v1.0\;C:\Windows\System32\OpenSSH\;C:\Program Files (x86)\NVIDIA Corporation\PhysX\Common;C:\Program Files\NVIDIA Corporation\NVIDIA NvDLISR;C:\Windows\system32;C:\Windows;C:\Windows\System32\Wbem;C:\Windows\System32\WindowsPowerShell\v1.0\;C:\Windows\System32\OpenSSH\;C:\Program Files\Intel\WiFi\bin\;C:\Program Files\Common Files\Intel\WirelessCommon\;C:\Program Files (x86)\Common Files\Acronis\SnapAPI\;C:\ffmpeg\bin;C:\Program Files\Cloudflare\Cloudflare WARP\;C:\Program Files\Git\cmd;C:\Program Files\Docker\Docker\resources\bin;D:\Programs\nodejs\;C:\Users\SuperUser\AppData\Local\Programs\Python\Python311\Scripts\;C:\Users\SuperUser\AppData\Local\Programs\Python\Python311\;C:\Users\SuperUser\AppData\Local\Microsoft\WindowsApps;C:\Program Files\Intel\WiFi\bin\;C:\Program Files\Common Files\Intel\WirelessCommon\;D:\Programs\Microsoft VS Code\bin;C:\Program Files\mingw-w64\x86_64-8.1.0-posix-seh-rt_v6-rev0\mingw64\bin;D:\Programs\heroku\bin;C:\Users\SuperUser\AppData\Roaming\npm
USERNAME=SuperUser
DISPLAY=:0.0
LC_ALL=en_US.UTF-8
OS=Windows_NT
PROCESSOR_IDENTIFIER=Intel64 Family 6 Model 158 Stepping 10, GenuineIntel



---------------  S Y S T E M  ---------------

OS: Windows 10 , 64 bit Build 19041 (10.0.19041.2364)
OS uptime: 14 days 5:26 hours
Hyper-V role detected

CPU:total 8 (initial active 8) (4 cores per cpu, 2 threads per core) family 6 model 158 stepping 10 microcode 0xec, cmov, cx8, fxsr, mmx, sse, sse2, sse3, ssse3, sse4.1, sse4.2, popcnt, avx, avx2, aes, clmul, erms, 3dnowpref, lzcnt, ht, tsc, tscinvbit, bmi1, bmi2, adx, fma

Memory: 4k page, system-wide physical 24385M (3814M free)
TotalPageFile size 28481M (AvailPageFile size 291M)
current process WorkingSet (physical memory assigned to process): 10M, peak: 10M
current process commit charge ("private bytes"): 61M, peak: 443M

vm_info: OpenJDK 64-Bit Server VM (11.0.15+10-b2043.56) for windows-amd64 JRE (11.0.15+10-b2043.56), built on May 16 2022 02:28:12 by "" with MS VC++ 14.0 (VS2015)

END.
